<?xml version="1.0" encoding="UTF-8"?>
<!-- Generated by org.testng.reporters.JUnitXMLReporter -->
<testsuite ignored="0" hostname="DESKTOP-P7J0K5C" failures="0" tests="7" name="Default test" time="0.239" errors="0" timestamp="2024-06-08T15:57:05 BST">
  <testcase classname="Countries.Countryclass3" name="bur" time="0.034"/>
  <testcase classname="Countries.Countryclass3" name="can" time="0.008"/>
  <testcase classname="Countries.Countryclass3" name="col" time="0.009"/>
  <testcase classname="Countries.Countryclass3" name="ger" time="0.004"/>
  <testcase classname="Countries.Countryclass3" name="ind" time="0.004"/>
  <testcase classname="Countries.Countryclass3" name="ire" time="0.003"/>
  <testcase classname="Countries.Countryclass3" name="mex" time="0.01"/>
</testsuite> <!-- Default test -->
