<?xml version="1.0" encoding="UTF-8"?>
<!-- Generated by org.testng.reporters.JUnitXMLReporter -->
<testsuite ignored="0" hostname="DESKTOP-P7J0K5C" failures="0" tests="17" name="Test" time="0.501" errors="0" timestamp="2024-06-08T15:58:50 BST">
  <testcase classname="Countries.Countryclass1" name="bur" time="0.045"/>
  <testcase classname="Countries.Countryclass1" name="ger" time="0.011"/>
  <testcase classname="Countries.Countryclass1" name="ind" time="0.007"/>
  <testcase classname="Countries.Countryclass1" name="mex" time="0.006"/>
  <testcase classname="Countries.Countryclass3" name="bur" time="0.005"/>
  <testcase classname="Countries.Countryclass3" name="can" time="0.011"/>
  <testcase classname="Countries.Countryclass3" name="col" time="0.011"/>
  <testcase classname="Countries.Countryclass3" name="ger" time="0.008"/>
  <testcase classname="Countries.Countryclass3" name="ind" time="0.005"/>
  <testcase classname="Countries.Countryclass3" name="ire" time="0.004"/>
  <testcase classname="Countries.Countryclass3" name="mex" time="0.014"/>
  <testcase classname="Countries.Countryclass2" name="bur" time="0.014"/>
  <testcase classname="Countries.Countryclass2" name="col" time="0.011"/>
  <testcase classname="Countries.Countryclass2" name="ger" time="0.017"/>
  <testcase classname="Countries.Countryclass2" name="ind" time="0.004"/>
  <testcase classname="Countries.Countryclass2" name="ire" time="0.009"/>
  <testcase classname="Countries.Countryclass2" name="mex" time="0.004"/>
</testsuite> <!-- Test -->
